bs
==========
[CORE0 FSH] PASS
[CORE0 STATS]
	clk   :                 2200
	instr :                  424
	fe_nop:                    0
	be_nop:                    0
	me_nop:                    0
	poison:                 1649
	roll  :                   39
	mIPC  :                  192

fibcall
==========
[CORE0 FSH] PASS
[CORE0 STATS]
	clk   :                 3582
	instr :                 1150
	fe_nop:                    0
	be_nop:                    0
	me_nop:                    0
	poison:                 2113
	roll  :                   36
	mIPC  :                  321

median
==========
[CORE0 FSH] PASS
[CORE0 STATS]
	clk   :                28301
	instr :                 9204
	fe_nop:                    0
	be_nop:                    0
	me_nop:                    0
	poison:                16047
	roll  :                  933
	mIPC  :                  325

rv64ui-p-blt
==========
[CORE0 FSH] PASS
[CORE0 STATS]
	clk   :                 1938
	instr :                  262
	fe_nop:                    0
	be_nop:                    0
	me_nop:                    0
	poison:                 1634
	roll  :                    0
	mIPC  :                  135

towers
==========
[CORE0 FSH] PASS
[CORE0 STATS]
	clk   :                18757
	instr :                12446
	fe_nop:                    0
	be_nop:                    0
	me_nop:                    0
	poison:                 5675
	roll  :                  132
	mIPC  :                  663

vvadd
==========
[CORE0 FSH] PASS
[CORE0 STATS]
	clk   :                15504
	instr :                 6752
	fe_nop:                    0
	be_nop:                    0
	me_nop:                    0
	poison:                 7324
	roll  :                  933
	mIPC  :                  435

